¡¾DEBUG¡¿¡¾20-06-01¡¿¡¾org.apache.ibatis.logging.LogFactory¡¿Logging initialized using 'class org.apache.ibatis.logging.log4j.Log4jImpl' adapter.
¡¾DEBUG¡¿¡¾20-06-01¡¿¡¾org.apache.ibatis.logging.LogFactory¡¿Logging initialized using 'class org.apache.ibatis.logging.log4j.Log4jImpl' adapter.
¡¾DEBUG¡¿¡¾20-06-01¡¿¡¾org.apache.ibatis.datasource.pooled.PooledDataSource¡¿PooledDataSource forcefully closed/removed all connections.
¡¾DEBUG¡¿¡¾20-06-01¡¿¡¾org.apache.ibatis.datasource.pooled.PooledDataSource¡¿PooledDataSource forcefully closed/removed all connections.
¡¾DEBUG¡¿¡¾20-06-01¡¿¡¾org.apache.ibatis.datasource.pooled.PooledDataSource¡¿PooledDataSource forcefully closed/removed all connections.
¡¾DEBUG¡¿¡¾20-06-01¡¿¡¾org.apache.ibatis.datasource.pooled.PooledDataSource¡¿PooledDataSource forcefully closed/removed all connections.
¡¾DEBUG¡¿¡¾20-06-01¡¿¡¾org.apache.ibatis.transaction.jdbc.JdbcTransaction¡¿Opening JDBC Connection
¡¾DEBUG¡¿¡¾20-06-01¡¿¡¾org.apache.ibatis.datasource.pooled.PooledDataSource¡¿Created connection 852445367.
¡¾DEBUG¡¿¡¾20-06-01¡¿¡¾org.apache.ibatis.transaction.jdbc.JdbcTransaction¡¿Setting autocommit to false on JDBC Connection [com.mysql.jdbc.JDBC4Connection@32cf48b7]
¡¾DEBUG¡¿¡¾20-06-01¡¿¡¾com.aaa.dc.mapper.StudentMapper.getStudentByID¡¿==>  Preparing: select*from student where id = ? 
¡¾DEBUG¡¿¡¾20-06-01¡¿¡¾com.aaa.dc.mapper.StudentMapper.getStudentByID¡¿==> Parameters: 1(Integer)
¡¾DEBUG¡¿¡¾20-06-01¡¿¡¾com.aaa.dc.mapper.StudentMapper.getStudentByID¡¿<==      Total: 1
¡¾DEBUG¡¿¡¾20-06-01¡¿¡¾org.apache.ibatis.transaction.jdbc.JdbcTransaction¡¿Resetting autocommit to true on JDBC Connection [com.mysql.jdbc.JDBC4Connection@32cf48b7]
¡¾DEBUG¡¿¡¾20-06-01¡¿¡¾org.apache.ibatis.transaction.jdbc.JdbcTransaction¡¿Closing JDBC Connection [com.mysql.jdbc.JDBC4Connection@32cf48b7]
¡¾DEBUG¡¿¡¾20-06-01¡¿¡¾org.apache.ibatis.datasource.pooled.PooledDataSource¡¿Returned connection 852445367 to pool.
¡¾DEBUG¡¿¡¾20-06-01¡¿¡¾org.apache.ibatis.logging.LogFactory¡¿Logging initialized using 'class org.apache.ibatis.logging.log4j.Log4jImpl' adapter.
¡¾DEBUG¡¿¡¾20-06-01¡¿¡¾org.apache.ibatis.logging.LogFactory¡¿Logging initialized using 'class org.apache.ibatis.logging.log4j.Log4jImpl' adapter.
¡¾DEBUG¡¿¡¾20-06-01¡¿¡¾org.apache.ibatis.datasource.pooled.PooledDataSource¡¿PooledDataSource forcefully closed/removed all connections.
¡¾DEBUG¡¿¡¾20-06-01¡¿¡¾org.apache.ibatis.datasource.pooled.PooledDataSource¡¿PooledDataSource forcefully closed/removed all connections.
¡¾DEBUG¡¿¡¾20-06-01¡¿¡¾org.apache.ibatis.datasource.pooled.PooledDataSource¡¿PooledDataSource forcefully closed/removed all connections.
¡¾DEBUG¡¿¡¾20-06-01¡¿¡¾org.apache.ibatis.datasource.pooled.PooledDataSource¡¿PooledDataSource forcefully closed/removed all connections.
¡¾DEBUG¡¿¡¾20-06-01¡¿¡¾org.apache.ibatis.transaction.jdbc.JdbcTransaction¡¿Opening JDBC Connection
¡¾DEBUG¡¿¡¾20-06-01¡¿¡¾org.apache.ibatis.datasource.pooled.PooledDataSource¡¿Created connection 852445367.
¡¾DEBUG¡¿¡¾20-06-01¡¿¡¾org.apache.ibatis.transaction.jdbc.JdbcTransaction¡¿Setting autocommit to false on JDBC Connection [com.mysql.jdbc.JDBC4Connection@32cf48b7]
¡¾DEBUG¡¿¡¾20-06-01¡¿¡¾com.aaa.dc.mapper.StudentMapper.getStudentByID¡¿==>  Preparing: select*from student where id = ? 
¡¾DEBUG¡¿¡¾20-06-01¡¿¡¾com.aaa.dc.mapper.StudentMapper.getStudentByID¡¿==> Parameters: 1(Integer)
¡¾DEBUG¡¿¡¾20-06-01¡¿¡¾com.aaa.dc.mapper.StudentMapper.getStudentByID¡¿<==      Total: 1
¡¾DEBUG¡¿¡¾20-06-01¡¿¡¾org.apache.ibatis.transaction.jdbc.JdbcTransaction¡¿Resetting autocommit to true on JDBC Connection [com.mysql.jdbc.JDBC4Connection@32cf48b7]
¡¾DEBUG¡¿¡¾20-06-01¡¿¡¾org.apache.ibatis.transaction.jdbc.JdbcTransaction¡¿Closing JDBC Connection [com.mysql.jdbc.JDBC4Connection@32cf48b7]
¡¾DEBUG¡¿¡¾20-06-01¡¿¡¾org.apache.ibatis.datasource.pooled.PooledDataSource¡¿Returned connection 852445367 to pool.
¡¾DEBUG¡¿¡¾20-06-01¡¿¡¾org.apache.ibatis.logging.LogFactory¡¿Logging initialized using 'class org.apache.ibatis.logging.log4j.Log4jImpl' adapter.
¡¾DEBUG¡¿¡¾20-06-01¡¿¡¾org.apache.ibatis.logging.LogFactory¡¿Logging initialized using 'class org.apache.ibatis.logging.log4j.Log4jImpl' adapter.
¡¾DEBUG¡¿¡¾20-06-01¡¿¡¾org.apache.ibatis.datasource.pooled.PooledDataSource¡¿PooledDataSource forcefully closed/removed all connections.
¡¾DEBUG¡¿¡¾20-06-01¡¿¡¾org.apache.ibatis.datasource.pooled.PooledDataSource¡¿PooledDataSource forcefully closed/removed all connections.
¡¾DEBUG¡¿¡¾20-06-01¡¿¡¾org.apache.ibatis.datasource.pooled.PooledDataSource¡¿PooledDataSource forcefully closed/removed all connections.
¡¾DEBUG¡¿¡¾20-06-01¡¿¡¾org.apache.ibatis.datasource.pooled.PooledDataSource¡¿PooledDataSource forcefully closed/removed all connections.
¡¾INFO¡¿¡¾20-06-01¡¿¡¾StudentMapperTest¡¿info:
¡¾DEBUG¡¿¡¾20-06-01¡¿¡¾StudentMapperTest¡¿debug:
¡¾WARN¡¿¡¾20-06-01¡¿¡¾StudentMapperTest¡¿warn:
¡¾DEBUG¡¿¡¾20-06-01¡¿¡¾org.apache.ibatis.logging.LogFactory¡¿Logging initialized using 'class org.apache.ibatis.logging.log4j.Log4jImpl' adapter.
¡¾DEBUG¡¿¡¾20-06-01¡¿¡¾org.apache.ibatis.logging.LogFactory¡¿Logging initialized using 'class org.apache.ibatis.logging.log4j.Log4jImpl' adapter.
¡¾DEBUG¡¿¡¾20-06-01¡¿¡¾org.apache.ibatis.datasource.pooled.PooledDataSource¡¿PooledDataSource forcefully closed/removed all connections.
¡¾DEBUG¡¿¡¾20-06-01¡¿¡¾org.apache.ibatis.datasource.pooled.PooledDataSource¡¿PooledDataSource forcefully closed/removed all connections.
¡¾DEBUG¡¿¡¾20-06-01¡¿¡¾org.apache.ibatis.datasource.pooled.PooledDataSource¡¿PooledDataSource forcefully closed/removed all connections.
¡¾DEBUG¡¿¡¾20-06-01¡¿¡¾org.apache.ibatis.datasource.pooled.PooledDataSource¡¿PooledDataSource forcefully closed/removed all connections.
¡¾INFO¡¿¡¾20-06-01¡¿¡¾StudentMapperTest¡¿info:
¡¾DEBUG¡¿¡¾20-06-01¡¿¡¾StudentMapperTest¡¿debug:
¡¾ERROR¡¿¡¾20-06-01¡¿¡¾StudentMapperTest¡¿warn:
[DEBUG][20-06-01][org.apache.ibatis.logging.LogFactory]Logging initialized using 'class org.apache.ibatis.logging.log4j.Log4jImpl' adapter.
[DEBUG][20-06-01][org.apache.ibatis.logging.LogFactory]Logging initialized using 'class org.apache.ibatis.logging.log4j.Log4jImpl' adapter.
[DEBUG][20-06-01][org.apache.ibatis.datasource.pooled.PooledDataSource]PooledDataSource forcefully closed/removed all connections.
[DEBUG][20-06-01][org.apache.ibatis.datasource.pooled.PooledDataSource]PooledDataSource forcefully closed/removed all connections.
[DEBUG][20-06-01][org.apache.ibatis.datasource.pooled.PooledDataSource]PooledDataSource forcefully closed/removed all connections.
[DEBUG][20-06-01][org.apache.ibatis.datasource.pooled.PooledDataSource]PooledDataSource forcefully closed/removed all connections.
[INFO][20-06-01][StudentMapperTest]info:
[DEBUG][20-06-01][StudentMapperTest]debug:
[ERROR][20-06-01][StudentMapperTest]error:
[DEBUG][20-06-01][org.apache.ibatis.logging.LogFactory]Logging initialized using 'class org.apache.ibatis.logging.log4j.Log4jImpl' adapter.
[DEBUG][20-06-01][org.apache.ibatis.logging.LogFactory]Logging initialized using 'class org.apache.ibatis.logging.log4j.Log4jImpl' adapter.
[DEBUG][20-06-01][org.apache.ibatis.datasource.pooled.PooledDataSource]PooledDataSource forcefully closed/removed all connections.
[DEBUG][20-06-01][org.apache.ibatis.datasource.pooled.PooledDataSource]PooledDataSource forcefully closed/removed all connections.
[DEBUG][20-06-01][org.apache.ibatis.datasource.pooled.PooledDataSource]PooledDataSource forcefully closed/removed all connections.
[DEBUG][20-06-01][org.apache.ibatis.datasource.pooled.PooledDataSource]PooledDataSource forcefully closed/removed all connections.
[DEBUG][20-06-01][org.apache.ibatis.transaction.jdbc.JdbcTransaction]Opening JDBC Connection
[DEBUG][20-06-01][org.apache.ibatis.datasource.pooled.PooledDataSource]Created connection 852445367.
[DEBUG][20-06-01][org.apache.ibatis.transaction.jdbc.JdbcTransaction]Setting autocommit to false on JDBC Connection [com.mysql.jdbc.JDBC4Connection@32cf48b7]
[DEBUG][20-06-01][com.aaa.dc.mapper.StudentMapper.getStudentByID]==>  Preparing: select*from student where id = ? 
[DEBUG][20-06-01][com.aaa.dc.mapper.StudentMapper.getStudentByID]==> Parameters: 1(Integer)
[DEBUG][20-06-01][com.aaa.dc.mapper.StudentMapper.getStudentByID]<==      Total: 1
[DEBUG][20-06-01][org.apache.ibatis.transaction.jdbc.JdbcTransaction]Resetting autocommit to true on JDBC Connection [com.mysql.jdbc.JDBC4Connection@32cf48b7]
[DEBUG][20-06-01][org.apache.ibatis.transaction.jdbc.JdbcTransaction]Closing JDBC Connection [com.mysql.jdbc.JDBC4Connection@32cf48b7]
[DEBUG][20-06-01][org.apache.ibatis.datasource.pooled.PooledDataSource]Returned connection 852445367 to pool.
[DEBUG][20-06-01][org.apache.ibatis.logging.LogFactory]Logging initialized using 'class org.apache.ibatis.logging.log4j.Log4jImpl' adapter.
[DEBUG][20-06-01][org.apache.ibatis.logging.LogFactory]Logging initialized using 'class org.apache.ibatis.logging.log4j.Log4jImpl' adapter.
[DEBUG][20-06-01][org.apache.ibatis.datasource.pooled.PooledDataSource]PooledDataSource forcefully closed/removed all connections.
[DEBUG][20-06-01][org.apache.ibatis.datasource.pooled.PooledDataSource]PooledDataSource forcefully closed/removed all connections.
[DEBUG][20-06-01][org.apache.ibatis.datasource.pooled.PooledDataSource]PooledDataSource forcefully closed/removed all connections.
[DEBUG][20-06-01][org.apache.ibatis.datasource.pooled.PooledDataSource]PooledDataSource forcefully closed/removed all connections.
[DEBUG][20-06-01][org.apache.ibatis.transaction.jdbc.JdbcTransaction]Opening JDBC Connection
[DEBUG][20-06-01][org.apache.ibatis.datasource.pooled.PooledDataSource]Created connection 1558021762.
[DEBUG][20-06-01][org.apache.ibatis.transaction.jdbc.JdbcTransaction]Setting autocommit to false on JDBC Connection [com.mysql.jdbc.JDBC4Connection@5cdd8682]
[DEBUG][20-06-01][com.aaa.dc.mapper.StudentMapper.studentLimit]==>  Preparing: select*from student limit ?,? 
[DEBUG][20-06-01][com.aaa.dc.mapper.StudentMapper.studentLimit]==> Parameters: null, null
[DEBUG][20-06-01][org.apache.ibatis.logging.LogFactory]Logging initialized using 'class org.apache.ibatis.logging.log4j.Log4jImpl' adapter.
[DEBUG][20-06-01][org.apache.ibatis.logging.LogFactory]Logging initialized using 'class org.apache.ibatis.logging.log4j.Log4jImpl' adapter.
[DEBUG][20-06-01][org.apache.ibatis.datasource.pooled.PooledDataSource]PooledDataSource forcefully closed/removed all connections.
[DEBUG][20-06-01][org.apache.ibatis.datasource.pooled.PooledDataSource]PooledDataSource forcefully closed/removed all connections.
[DEBUG][20-06-01][org.apache.ibatis.datasource.pooled.PooledDataSource]PooledDataSource forcefully closed/removed all connections.
[DEBUG][20-06-01][org.apache.ibatis.datasource.pooled.PooledDataSource]PooledDataSource forcefully closed/removed all connections.
[DEBUG][20-06-01][org.apache.ibatis.transaction.jdbc.JdbcTransaction]Opening JDBC Connection
[DEBUG][20-06-01][org.apache.ibatis.datasource.pooled.PooledDataSource]Created connection 1558021762.
[DEBUG][20-06-01][org.apache.ibatis.transaction.jdbc.JdbcTransaction]Setting autocommit to false on JDBC Connection [com.mysql.jdbc.JDBC4Connection@5cdd8682]
[DEBUG][20-06-01][com.aaa.dc.mapper.StudentMapper.studentLimit]==>  Preparing: select*from student limit ?,? 
[DEBUG][20-06-01][com.aaa.dc.mapper.StudentMapper.studentLimit]==> Parameters: null, null
[DEBUG][20-06-01][org.apache.ibatis.logging.LogFactory]Logging initialized using 'class org.apache.ibatis.logging.log4j.Log4jImpl' adapter.
[DEBUG][20-06-01][org.apache.ibatis.logging.LogFactory]Logging initialized using 'class org.apache.ibatis.logging.log4j.Log4jImpl' adapter.
[DEBUG][20-06-01][org.apache.ibatis.datasource.pooled.PooledDataSource]PooledDataSource forcefully closed/removed all connections.
[DEBUG][20-06-01][org.apache.ibatis.datasource.pooled.PooledDataSource]PooledDataSource forcefully closed/removed all connections.
[DEBUG][20-06-01][org.apache.ibatis.datasource.pooled.PooledDataSource]PooledDataSource forcefully closed/removed all connections.
[DEBUG][20-06-01][org.apache.ibatis.datasource.pooled.PooledDataSource]PooledDataSource forcefully closed/removed all connections.
[DEBUG][20-06-01][org.apache.ibatis.transaction.jdbc.JdbcTransaction]Opening JDBC Connection
[DEBUG][20-06-01][org.apache.ibatis.datasource.pooled.PooledDataSource]Created connection 1558021762.
[DEBUG][20-06-01][org.apache.ibatis.transaction.jdbc.JdbcTransaction]Setting autocommit to false on JDBC Connection [com.mysql.jdbc.JDBC4Connection@5cdd8682]
[DEBUG][20-06-01][com.aaa.dc.mapper.StudentMapper.studentLimit]==>  Preparing: select*from student limit ?,? 
[DEBUG][20-06-01][com.aaa.dc.mapper.StudentMapper.studentLimit]==> Parameters: 1(Integer), 2(Integer)
[DEBUG][20-06-01][com.aaa.dc.mapper.StudentMapper.studentLimit]<==      Total: 2
[DEBUG][20-06-01][org.apache.ibatis.transaction.jdbc.JdbcTransaction]Resetting autocommit to true on JDBC Connection [com.mysql.jdbc.JDBC4Connection@5cdd8682]
[DEBUG][20-06-01][org.apache.ibatis.transaction.jdbc.JdbcTransaction]Closing JDBC Connection [com.mysql.jdbc.JDBC4Connection@5cdd8682]
[DEBUG][20-06-01][org.apache.ibatis.datasource.pooled.PooledDataSource]Returned connection 1558021762 to pool.
[DEBUG][20-06-01][org.apache.ibatis.logging.LogFactory]Logging initialized using 'class org.apache.ibatis.logging.log4j.Log4jImpl' adapter.
[DEBUG][20-06-01][org.apache.ibatis.logging.LogFactory]Logging initialized using 'class org.apache.ibatis.logging.log4j.Log4jImpl' adapter.
[DEBUG][20-06-01][org.apache.ibatis.datasource.pooled.PooledDataSource]PooledDataSource forcefully closed/removed all connections.
[DEBUG][20-06-01][org.apache.ibatis.datasource.pooled.PooledDataSource]PooledDataSource forcefully closed/removed all connections.
[DEBUG][20-06-01][org.apache.ibatis.datasource.pooled.PooledDataSource]PooledDataSource forcefully closed/removed all connections.
[DEBUG][20-06-01][org.apache.ibatis.datasource.pooled.PooledDataSource]PooledDataSource forcefully closed/removed all connections.
[DEBUG][20-06-01][org.apache.ibatis.transaction.jdbc.JdbcTransaction]Opening JDBC Connection
[DEBUG][20-06-01][org.apache.ibatis.datasource.pooled.PooledDataSource]Created connection 1558021762.
[DEBUG][20-06-01][org.apache.ibatis.transaction.jdbc.JdbcTransaction]Setting autocommit to false on JDBC Connection [com.mysql.jdbc.JDBC4Connection@5cdd8682]
[DEBUG][20-06-01][com.aaa.dc.mapper.StudentMapper.studentLimit]==>  Preparing: select*from student limit ?,? 
[DEBUG][20-06-01][com.aaa.dc.mapper.StudentMapper.studentLimit]==> Parameters: 1(Integer), 2(Integer)
[DEBUG][20-06-01][com.aaa.dc.mapper.StudentMapper.studentLimit]<==      Total: 2
[DEBUG][20-06-01][org.apache.ibatis.transaction.jdbc.JdbcTransaction]Resetting autocommit to true on JDBC Connection [com.mysql.jdbc.JDBC4Connection@5cdd8682]
[DEBUG][20-06-01][org.apache.ibatis.transaction.jdbc.JdbcTransaction]Closing JDBC Connection [com.mysql.jdbc.JDBC4Connection@5cdd8682]
[DEBUG][20-06-01][org.apache.ibatis.datasource.pooled.PooledDataSource]Returned connection 1558021762 to pool.
[DEBUG][20-06-02][org.apache.ibatis.logging.LogFactory]Logging initialized using 'class org.apache.ibatis.logging.log4j.Log4jImpl' adapter.
[DEBUG][20-06-02][org.apache.ibatis.logging.LogFactory]Logging initialized using 'class org.apache.ibatis.logging.log4j.Log4jImpl' adapter.
[DEBUG][20-06-02][org.apache.ibatis.datasource.pooled.PooledDataSource]PooledDataSource forcefully closed/removed all connections.
[DEBUG][20-06-02][org.apache.ibatis.datasource.pooled.PooledDataSource]PooledDataSource forcefully closed/removed all connections.
[DEBUG][20-06-02][org.apache.ibatis.datasource.pooled.PooledDataSource]PooledDataSource forcefully closed/removed all connections.
[DEBUG][20-06-02][org.apache.ibatis.datasource.pooled.PooledDataSource]PooledDataSource forcefully closed/removed all connections.
[DEBUG][20-06-02][org.apache.ibatis.transaction.jdbc.JdbcTransaction]Opening JDBC Connection
[DEBUG][20-06-02][org.apache.ibatis.datasource.pooled.PooledDataSource]Created connection 1032000752.
[DEBUG][20-06-02][org.apache.ibatis.transaction.jdbc.JdbcTransaction]Setting autocommit to false on JDBC Connection [com.mysql.jdbc.JDBC4Connection@3d8314f0]
[DEBUG][20-06-02][com.aaa.dc.mapper.StudentMapper.limitByRowBounds]==>  Preparing: select*from student 
[DEBUG][20-06-02][com.aaa.dc.mapper.StudentMapper.limitByRowBounds]==> Parameters: 
[DEBUG][20-06-02][org.apache.ibatis.transaction.jdbc.JdbcTransaction]Resetting autocommit to true on JDBC Connection [com.mysql.jdbc.JDBC4Connection@3d8314f0]
[DEBUG][20-06-02][org.apache.ibatis.transaction.jdbc.JdbcTransaction]Closing JDBC Connection [com.mysql.jdbc.JDBC4Connection@3d8314f0]
[DEBUG][20-06-02][org.apache.ibatis.datasource.pooled.PooledDataSource]Returned connection 1032000752 to pool.
[DEBUG][20-06-02][org.apache.ibatis.logging.LogFactory]Logging initialized using 'class org.apache.ibatis.logging.log4j.Log4jImpl' adapter.
[DEBUG][20-06-02][org.apache.ibatis.logging.LogFactory]Logging initialized using 'class org.apache.ibatis.logging.log4j.Log4jImpl' adapter.
[DEBUG][20-06-02][org.apache.ibatis.datasource.pooled.PooledDataSource]PooledDataSource forcefully closed/removed all connections.
[DEBUG][20-06-02][org.apache.ibatis.datasource.pooled.PooledDataSource]PooledDataSource forcefully closed/removed all connections.
[DEBUG][20-06-02][org.apache.ibatis.datasource.pooled.PooledDataSource]PooledDataSource forcefully closed/removed all connections.
[DEBUG][20-06-02][org.apache.ibatis.datasource.pooled.PooledDataSource]PooledDataSource forcefully closed/removed all connections.
[DEBUG][20-06-02][org.apache.ibatis.logging.LogFactory]Logging initialized using 'class org.apache.ibatis.logging.log4j.Log4jImpl' adapter.
[DEBUG][20-06-02][org.apache.ibatis.logging.LogFactory]Logging initialized using 'class org.apache.ibatis.logging.log4j.Log4jImpl' adapter.
[DEBUG][20-06-02][org.apache.ibatis.datasource.pooled.PooledDataSource]PooledDataSource forcefully closed/removed all connections.
[DEBUG][20-06-02][org.apache.ibatis.datasource.pooled.PooledDataSource]PooledDataSource forcefully closed/removed all connections.
[DEBUG][20-06-02][org.apache.ibatis.datasource.pooled.PooledDataSource]PooledDataSource forcefully closed/removed all connections.
[DEBUG][20-06-02][org.apache.ibatis.datasource.pooled.PooledDataSource]PooledDataSource forcefully closed/removed all connections.
[DEBUG][20-06-02][org.apache.ibatis.logging.LogFactory]Logging initialized using 'class org.apache.ibatis.logging.log4j.Log4jImpl' adapter.
[DEBUG][20-06-02][org.apache.ibatis.logging.LogFactory]Logging initialized using 'class org.apache.ibatis.logging.log4j.Log4jImpl' adapter.
[DEBUG][20-06-02][org.apache.ibatis.datasource.pooled.PooledDataSource]PooledDataSource forcefully closed/removed all connections.
[DEBUG][20-06-02][org.apache.ibatis.datasource.pooled.PooledDataSource]PooledDataSource forcefully closed/removed all connections.
[DEBUG][20-06-02][org.apache.ibatis.datasource.pooled.PooledDataSource]PooledDataSource forcefully closed/removed all connections.
[DEBUG][20-06-02][org.apache.ibatis.datasource.pooled.PooledDataSource]PooledDataSource forcefully closed/removed all connections.
[DEBUG][20-06-02][org.apache.ibatis.transaction.jdbc.JdbcTransaction]Opening JDBC Connection
[DEBUG][20-06-02][org.apache.ibatis.datasource.pooled.PooledDataSource]Created connection 1032000752.
[DEBUG][20-06-02][org.apache.ibatis.transaction.jdbc.JdbcTransaction]Setting autocommit to false on JDBC Connection [com.mysql.jdbc.JDBC4Connection@3d8314f0]
[DEBUG][20-06-02][com.aaa.dc.mapper.StudentMapper.limitByRowBounds]==>  Preparing: select*from student 
[DEBUG][20-06-02][com.aaa.dc.mapper.StudentMapper.limitByRowBounds]==> Parameters: 
[DEBUG][20-06-02][org.apache.ibatis.transaction.jdbc.JdbcTransaction]Resetting autocommit to true on JDBC Connection [com.mysql.jdbc.JDBC4Connection@3d8314f0]
[DEBUG][20-06-02][org.apache.ibatis.transaction.jdbc.JdbcTransaction]Closing JDBC Connection [com.mysql.jdbc.JDBC4Connection@3d8314f0]
[DEBUG][20-06-02][org.apache.ibatis.datasource.pooled.PooledDataSource]Returned connection 1032000752 to pool.
